Using pre-set license
Built from '2020.3/release' branch; Version is '2020.3.1f1 (77a89f25062f) revision 7841951'; Using compiler version '192528614'; Build Type 'Release'
OS: 'Windows 10 Pro; OS build 19041.1165; Version 2004; 64bit' Language: 'en' Physical Memory: 7637 MB
BatchMode: 1, IsHumanControllingUs: 0, StartBugReporterOnCrash: 0, Is64bit: 1, IsPro: 0

 COMMAND LINE ARGUMENTS:
C:\Program Files\Unity\Hub\Editor\2020.3.1f1\Editor\Unity.exe
-adb2
-batchMode
-noUpm
-name
AssetImportWorker0
-projectPath
E:/Project/Panjat Pinang/Panjat-Pinang
-logFile
Logs/AssetImportWorker0.log
-srvPort
49778
Successfully changed project path to: E:/Project/Panjat Pinang/Panjat-Pinang
E:/Project/Panjat Pinang/Panjat-Pinang
Using Asset Import Pipeline V2.
Refreshing native plugins compatible for Editor in 126.26 ms, found 2 plugins.
Preloading 0 native plugins for Editor in 0.00 ms.
Initialize engine version: 2020.3.1f1 (77a89f25062f)
[Subsystems] Discovering subsystems at path C:/Program Files/Unity/Hub/Editor/2020.3.1f1/Editor/Data/Resources/UnitySubsystems
[Subsystems] Discovering subsystems at path E:/Project/Panjat Pinang/Panjat-Pinang/Assets
GfxDevice: creating device client; threaded=0
Direct3D:
    Version:  Direct3D 11.0 [level 11.1]
    Renderer: AMD Radeon R7 Graphics (ID=0x9874)
    Vendor:   
    VRAM:     3818 MB
    Driver:   27.20.14501.28009
Initialize mono
Mono path[0] = 'C:/Program Files/Unity/Hub/Editor/2020.3.1f1/Editor/Data/Managed'
Mono path[1] = 'C:/Program Files/Unity/Hub/Editor/2020.3.1f1/Editor/Data/MonoBleedingEdge/lib/mono/unityjit'
Mono config path = 'C:/Program Files/Unity/Hub/Editor/2020.3.1f1/Editor/Data/MonoBleedingEdge/etc'
Using monoOptions --debugger-agent=transport=dt_socket,embedding=1,server=y,suspend=n,address=127.0.0.1:56712
Begin MonoManager ReloadAssembly
Registering precompiled unity dll's ...
Register platform support module: C:/Program Files/Unity/Hub/Editor/2020.3.1f1/Editor/Data/PlaybackEngines/WebGLSupport/UnityEditor.WebGL.Extensions.dll
Register platform support module: C:/Program Files/Unity/Hub/Editor/2020.3.1f1/Editor/Data/PlaybackEngines/WindowsStandaloneSupport/UnityEditor.WindowsStandalone.Extensions.dll
Registered in 0.043594 seconds.
Native extension for WindowsStandalone target not found
Native extension for WebGL target not found
Refreshing native plugins compatible for Editor in 111.55 ms, found 2 plugins.
Preloading 0 native plugins for Editor in 0.00 ms.
Invoked RoslynAnalysisRunner static constructor.
RoslynAnalysisRunner will not be running.
RoslynAnalysisRunner has terminated.
Mono: successfully reloaded assembly
- Completed reload, in  7.908 seconds
Platform modules already initialized, skipping
Registering precompiled user dll's ...
Registered in 0.010732 seconds.
Begin MonoManager ReloadAssembly
Native extension for WindowsStandalone target not found
Native extension for WebGL target not found
Refreshing native plugins compatible for Editor in 4.81 ms, found 2 plugins.
Preloading 0 native plugins for Editor in 0.00 ms.
Invoked RoslynAnalysisRunner static constructor.
RoslynAnalysisRunner will not be running.
RoslynAnalysisRunner has terminated.
Mono: successfully reloaded assembly
- Completed reload, in  3.743 seconds
Platform modules already initialized, skipping
========================================================================
Worker process is ready to serve import requests
Launched and connected shader compiler UnityShaderCompiler.exe after 0.15 seconds
Refreshing native plugins compatible for Editor in 1.58 ms, found 2 plugins.
Preloading 0 native plugins for Editor in 0.00 ms.
Unloading 2119 Unused Serialized files (Serialized files now loaded: 0)
System memory in use before: 85.9 MB.
System memory in use after: 86.0 MB.

Unloading 59 unused Assets to reduce memory usage. Loaded Objects now: 2524.
Total: 16.463000 ms (FindLiveObjects: 0.574700 ms CreateObjectMapping: 0.281500 ms MarkObjects: 15.410400 ms  DeleteObjects: 0.193000 ms)

========================================================================
Received Import Request.
  path: Assets/Scripts/Player.cs
  artifactKey: Guid(36ff205704671144f836ee10137cea20) Importer(815301076,1909f56bfc062723c751e8b465ee728b)
Start importing Assets/Scripts/Player.cs using Guid(36ff205704671144f836ee10137cea20) Importer(815301076,1909f56bfc062723c751e8b465ee728b)  -> (artifact id: 'fc9150608aef8dceed3857ca8049e192') in 0.438197 seconds
  Import took 0.561822 seconds .

========================================================================
Received Import Request.
  Time since last request: 86.155827 seconds.
  path: Assets/Scripts/Player.cs
  artifactKey: Guid(36ff205704671144f836ee10137cea20) Importer(815301076,1909f56bfc062723c751e8b465ee728b)
Start importing Assets/Scripts/Player.cs using Guid(36ff205704671144f836ee10137cea20) Importer(815301076,1909f56bfc062723c751e8b465ee728b)  -> (artifact id: 'd1d44e3f7bd43cbef2ea9d4388ff9fe0') in 0.245835 seconds
  Import took 0.286325 seconds .

========================================================================
Received Import Request.
  Time since last request: 62.938645 seconds.
  path: Assets/Scripts/Player.cs
  artifactKey: Guid(36ff205704671144f836ee10137cea20) Importer(815301076,1909f56bfc062723c751e8b465ee728b)
Start importing Assets/Scripts/Player.cs using Guid(36ff205704671144f836ee10137cea20) Importer(815301076,1909f56bfc062723c751e8b465ee728b)  -> (artifact id: 'd69c8d5cc92e31bfbb32f07de87f429a') in 0.046269 seconds
  Import took 0.056908 seconds .

========================================================================
Received Import Request.
  Time since last request: 11.733946 seconds.
  path: Assets/Scripts/Player.cs
  artifactKey: Guid(36ff205704671144f836ee10137cea20) Importer(815301076,1909f56bfc062723c751e8b465ee728b)
Start importing Assets/Scripts/Player.cs using Guid(36ff205704671144f836ee10137cea20) Importer(815301076,1909f56bfc062723c751e8b465ee728b)  -> (artifact id: '6e596a0f9f5321b9225ed20335e120ba') in 0.018897 seconds
  Import took 0.027457 seconds .

========================================================================
Received Import Request.
  Time since last request: 0.007839 seconds.
  path: Assets/Scripts/Player.cs
  artifactKey: Guid(36ff205704671144f836ee10137cea20) Importer(815301076,1909f56bfc062723c751e8b465ee728b)
Start importing Assets/Scripts/Player.cs using Guid(36ff205704671144f836ee10137cea20) Importer(815301076,1909f56bfc062723c751e8b465ee728b)  -> (artifact id: '6e596a0f9f5321b9225ed20335e120ba') in 0.019803 seconds
  Import took 0.043481 seconds .

========================================================================
Received Import Request.
  Time since last request: 41.939042 seconds.
  path: Assets/Scripts/Player.cs
  artifactKey: Guid(36ff205704671144f836ee10137cea20) Importer(815301076,1909f56bfc062723c751e8b465ee728b)
Start importing Assets/Scripts/Player.cs using Guid(36ff205704671144f836ee10137cea20) Importer(815301076,1909f56bfc062723c751e8b465ee728b)  -> (artifact id: 'fdc6e627df8bdf8cedefcd2b2ed5b65b') in 0.068279 seconds
  Import took 0.079914 seconds .

========================================================================
Received Import Request.
  Time since last request: 10.510183 seconds.
  path: Assets/Scripts/Player.cs
  artifactKey: Guid(36ff205704671144f836ee10137cea20) Importer(815301076,1909f56bfc062723c751e8b465ee728b)
Start importing Assets/Scripts/Player.cs using Guid(36ff205704671144f836ee10137cea20) Importer(815301076,1909f56bfc062723c751e8b465ee728b)  -> (artifact id: '519817a3b6c6261eae5540194eecee99') in 0.019664 seconds
  Import took 0.027673 seconds .

========================================================================
Received Import Request.
  Time since last request: 3.649365 seconds.
  path: Assets/Scripts/Player.cs
  artifactKey: Guid(36ff205704671144f836ee10137cea20) Importer(815301076,1909f56bfc062723c751e8b465ee728b)
Start importing Assets/Scripts/Player.cs using Guid(36ff205704671144f836ee10137cea20) Importer(815301076,1909f56bfc062723c751e8b465ee728b)  -> (artifact id: '119d94d3b9336e8357ebb8edc2d12993') in 0.039437 seconds
  Import took 0.096154 seconds .

========================================================================
Received Import Request.
  Time since last request: 58.957531 seconds.
  path: Assets/Scripts/Player.cs
  artifactKey: Guid(36ff205704671144f836ee10137cea20) Importer(815301076,1909f56bfc062723c751e8b465ee728b)
Start importing Assets/Scripts/Player.cs using Guid(36ff205704671144f836ee10137cea20) Importer(815301076,1909f56bfc062723c751e8b465ee728b)  -> (artifact id: 'b0fa509de2f584ba221ac7c7ab7ab5c8') in 0.031535 seconds
  Import took 0.043978 seconds .

========================================================================
Received Import Request.
  Time since last request: 32.788347 seconds.
  path: Assets/Scripts/Player.cs
  artifactKey: Guid(36ff205704671144f836ee10137cea20) Importer(815301076,1909f56bfc062723c751e8b465ee728b)
Start importing Assets/Scripts/Player.cs using Guid(36ff205704671144f836ee10137cea20) Importer(815301076,1909f56bfc062723c751e8b465ee728b)  -> (artifact id: '191f54a4f5f37378392942df954e0f46') in 0.025647 seconds
  Import took 0.035193 seconds .

========================================================================
Received Import Request.
  Time since last request: 25.779670 seconds.
  path: Assets/Scripts/Player.cs
  artifactKey: Guid(36ff205704671144f836ee10137cea20) Importer(815301076,1909f56bfc062723c751e8b465ee728b)
Start importing Assets/Scripts/Player.cs using Guid(36ff205704671144f836ee10137cea20) Importer(815301076,1909f56bfc062723c751e8b465ee728b)  -> (artifact id: '43eec6a25469f519197931fd1209d1b6') in 0.048265 seconds
  Import took 0.088872 seconds .

========================================================================
Received Import Request.
  Time since last request: 5.164683 seconds.
  path: Assets/Scripts/Player.cs
  artifactKey: Guid(36ff205704671144f836ee10137cea20) Importer(815301076,1909f56bfc062723c751e8b465ee728b)
Start importing Assets/Scripts/Player.cs using Guid(36ff205704671144f836ee10137cea20) Importer(815301076,1909f56bfc062723c751e8b465ee728b)  -> (artifact id: '811a7bde26dccfeecb9cabf8a09620a8') in 0.036270 seconds
  Import took 0.047946 seconds .

========================================================================
Received Import Request.
  Time since last request: 8.753626 seconds.
  path: Assets/Scripts/Player.cs
  artifactKey: Guid(36ff205704671144f836ee10137cea20) Importer(815301076,1909f56bfc062723c751e8b465ee728b)
Start importing Assets/Scripts/Player.cs using Guid(36ff205704671144f836ee10137cea20) Importer(815301076,1909f56bfc062723c751e8b465ee728b)  -> (artifact id: 'ff89d5bf5ffcdc94d1b201c46534f350') in 0.030933 seconds
  Import took 0.080687 seconds .

========================================================================
Received Import Request.
  Time since last request: 25.933874 seconds.
  path: Assets/Scripts/Player.cs
  artifactKey: Guid(36ff205704671144f836ee10137cea20) Importer(815301076,1909f56bfc062723c751e8b465ee728b)
Start importing Assets/Scripts/Player.cs using Guid(36ff205704671144f836ee10137cea20) Importer(815301076,1909f56bfc062723c751e8b465ee728b)  -> (artifact id: 'ec0762422cb4b810217586c4267b5d2f') in 0.012430 seconds
  Import took 0.019644 seconds .

========================================================================
Received Import Request.
  Time since last request: 16.653111 seconds.
  path: Assets/Scripts/Player.cs
  artifactKey: Guid(36ff205704671144f836ee10137cea20) Importer(815301076,1909f56bfc062723c751e8b465ee728b)
Start importing Assets/Scripts/Player.cs using Guid(36ff205704671144f836ee10137cea20) Importer(815301076,1909f56bfc062723c751e8b465ee728b)  -> (artifact id: '2edf50ca421aae88741d6bfb52c3bb18') in 0.035634 seconds
  Import took 0.048783 seconds .

========================================================================
Received Import Request.
  Time since last request: 15.785365 seconds.
  path: Assets/Scripts/Player.cs
  artifactKey: Guid(36ff205704671144f836ee10137cea20) Importer(815301076,1909f56bfc062723c751e8b465ee728b)
Start importing Assets/Scripts/Player.cs using Guid(36ff205704671144f836ee10137cea20) Importer(815301076,1909f56bfc062723c751e8b465ee728b)  -> (artifact id: '15b338865e7b8bd795a31803273a5715') in 0.041473 seconds
  Import took 0.062634 seconds .

========================================================================
Received Import Request.
  Time since last request: 8.633687 seconds.
  path: Assets/Scripts/Player.cs
  artifactKey: Guid(36ff205704671144f836ee10137cea20) Importer(815301076,1909f56bfc062723c751e8b465ee728b)
Start importing Assets/Scripts/Player.cs using Guid(36ff205704671144f836ee10137cea20) Importer(815301076,1909f56bfc062723c751e8b465ee728b)  -> (artifact id: '6fe6313fbc105124da057dd035c4c117') in 0.029010 seconds
  Import took 0.038268 seconds .

========================================================================
Received Import Request.
  Time since last request: 13.387783 seconds.
  path: Assets/Scripts/Player.cs
  artifactKey: Guid(36ff205704671144f836ee10137cea20) Importer(815301076,1909f56bfc062723c751e8b465ee728b)
Start importing Assets/Scripts/Player.cs using Guid(36ff205704671144f836ee10137cea20) Importer(815301076,1909f56bfc062723c751e8b465ee728b)  -> (artifact id: 'aaf413a07b1d39f101e4dd4d8b66092a') in 0.021555 seconds
  Import took 0.029472 seconds .

========================================================================
Received Import Request.
  Time since last request: 0.002060 seconds.
  path: Assets/Scripts/Player.cs
  artifactKey: Guid(36ff205704671144f836ee10137cea20) Importer(815301076,1909f56bfc062723c751e8b465ee728b)
Start importing Assets/Scripts/Player.cs using Guid(36ff205704671144f836ee10137cea20) Importer(815301076,1909f56bfc062723c751e8b465ee728b)  -> (artifact id: 'aaf413a07b1d39f101e4dd4d8b66092a') in 0.015634 seconds
  Import took 0.024019 seconds .

========================================================================
Received Import Request.
  Time since last request: 7.207961 seconds.
  path: Assets/Scripts/Player.cs
  artifactKey: Guid(36ff205704671144f836ee10137cea20) Importer(815301076,1909f56bfc062723c751e8b465ee728b)
Start importing Assets/Scripts/Player.cs using Guid(36ff205704671144f836ee10137cea20) Importer(815301076,1909f56bfc062723c751e8b465ee728b)  -> (artifact id: 'ba0346b44fdb2199eee1838d87b333a1') in 0.013826 seconds
  Import took 0.026546 seconds .

========================================================================
Received Import Request.
  Time since last request: 44.187287 seconds.
  path: Assets/Scripts/Player.cs
  artifactKey: Guid(36ff205704671144f836ee10137cea20) Importer(815301076,1909f56bfc062723c751e8b465ee728b)
Start importing Assets/Scripts/Player.cs using Guid(36ff205704671144f836ee10137cea20) Importer(815301076,1909f56bfc062723c751e8b465ee728b)  -> (artifact id: '8d31c5968345af66b93f4030e4d8cd51') in 0.018014 seconds
  Import took 0.027575 seconds .

========================================================================
Received Import Request.
  Time since last request: 0.005429 seconds.
  path: Assets/Scripts/Player.cs
  artifactKey: Guid(36ff205704671144f836ee10137cea20) Importer(815301076,1909f56bfc062723c751e8b465ee728b)
Start importing Assets/Scripts/Player.cs using Guid(36ff205704671144f836ee10137cea20) Importer(815301076,1909f56bfc062723c751e8b465ee728b)  -> (artifact id: '8d31c5968345af66b93f4030e4d8cd51') in 0.013555 seconds
  Import took 0.022168 seconds .

========================================================================
Received Import Request.
  Time since last request: 18.307974 seconds.
  path: Assets/Scripts/Player.cs
  artifactKey: Guid(36ff205704671144f836ee10137cea20) Importer(815301076,1909f56bfc062723c751e8b465ee728b)
Start importing Assets/Scripts/Player.cs using Guid(36ff205704671144f836ee10137cea20) Importer(815301076,1909f56bfc062723c751e8b465ee728b)  -> (artifact id: '33b55c9d179838b8e7fedac88832c767') in 0.019726 seconds
  Import took 0.036744 seconds .

========================================================================
Received Import Request.
  Time since last request: 14.078676 seconds.
  path: Assets/Scripts/Player.cs
  artifactKey: Guid(36ff205704671144f836ee10137cea20) Importer(815301076,1909f56bfc062723c751e8b465ee728b)
Start importing Assets/Scripts/Player.cs using Guid(36ff205704671144f836ee10137cea20) Importer(815301076,1909f56bfc062723c751e8b465ee728b)  -> (artifact id: '283759322a1ffcfb74a686a3e2791f05') in 0.024462 seconds
  Import took 0.153520 seconds .

========================================================================
Received Import Request.
  Time since last request: 238.299086 seconds.
  path: Assets/Scripts/Player.cs
  artifactKey: Guid(36ff205704671144f836ee10137cea20) Importer(815301076,1909f56bfc062723c751e8b465ee728b)
Start importing Assets/Scripts/Player.cs using Guid(36ff205704671144f836ee10137cea20) Importer(815301076,1909f56bfc062723c751e8b465ee728b)  -> (artifact id: '3f55302e831a6c593db9a38ba9771b3a') in 0.025335 seconds
  Import took 0.035426 seconds .

========================================================================
Received Import Request.
  Time since last request: 0.001090 seconds.
  path: Assets/Scripts/Player.cs
  artifactKey: Guid(36ff205704671144f836ee10137cea20) Importer(815301076,1909f56bfc062723c751e8b465ee728b)
Start importing Assets/Scripts/Player.cs using Guid(36ff205704671144f836ee10137cea20) Importer(815301076,1909f56bfc062723c751e8b465ee728b)  -> (artifact id: '3f55302e831a6c593db9a38ba9771b3a') in 0.021780 seconds
  Import took 0.044267 seconds .

========================================================================
Received Import Request.
  Time since last request: 10.399769 seconds.
  path: Assets/Scripts/Player.cs
  artifactKey: Guid(36ff205704671144f836ee10137cea20) Importer(815301076,1909f56bfc062723c751e8b465ee728b)
Start importing Assets/Scripts/Player.cs using Guid(36ff205704671144f836ee10137cea20) Importer(815301076,1909f56bfc062723c751e8b465ee728b)  -> (artifact id: '305babbb028ee21495b0f245849a4f1f') in 0.024498 seconds
  Import took 0.032968 seconds .

========================================================================
Received Prepare
Registering precompiled user dll's ...
Registered in 0.012730 seconds.
Begin MonoManager ReloadAssembly
Native extension for WindowsStandalone target not found
Native extension for WebGL target not found
Refreshing native plugins compatible for Editor in 167.90 ms, found 2 plugins.
Preloading 0 native plugins for Editor in 0.00 ms.
Invoked RoslynAnalysisRunner static constructor.
RoslynAnalysisRunner will not be running.
RoslynAnalysisRunner has terminated.
Mono: successfully reloaded assembly
- Completed reload, in 19.045 seconds
Platform modules already initialized, skipping
Refreshing native plugins compatible for Editor in 3.53 ms, found 2 plugins.
Preloading 0 native plugins for Editor in 0.00 ms.
Unloading 2111 Unused Serialized files (Serialized files now loaded: 0)
System memory in use before: 85.7 MB.
System memory in use after: 85.8 MB.

Unloading 50 unused Assets to reduce memory usage. Loaded Objects now: 2526.
Total: 19.038000 ms (FindLiveObjects: 0.810200 ms CreateObjectMapping: 0.366400 ms MarkObjects: 17.761100 ms  DeleteObjects: 0.096200 ms)

========================================================================
Received Prepare
Registering precompiled user dll's ...
Registered in 0.029413 seconds.
Begin MonoManager ReloadAssembly
Native extension for WindowsStandalone target not found
Native extension for WebGL target not found
Refreshing native plugins compatible for Editor in 2.16 ms, found 2 plugins.
Preloading 0 native plugins for Editor in 0.00 ms.
Invoked RoslynAnalysisRunner static constructor.
RoslynAnalysisRunner will not be running.
RoslynAnalysisRunner has terminated.
Mono: successfully reloaded assembly
- Completed reload, in  5.063 seconds
Platform modules already initialized, skipping
Refreshing native plugins compatible for Editor in 1.72 ms, found 2 plugins.
Preloading 0 native plugins for Editor in 0.00 ms.
Unloading 2111 Unused Serialized files (Serialized files now loaded: 0)
System memory in use before: 85.7 MB.
System memory in use after: 85.8 MB.

Unloading 50 unused Assets to reduce memory usage. Loaded Objects now: 2528.
Total: 15.204900 ms (FindLiveObjects: 0.561100 ms CreateObjectMapping: 0.268000 ms MarkObjects: 14.238600 ms  DeleteObjects: 0.132800 ms)

========================================================================
Received Prepare
Registering precompiled user dll's ...
Registered in 0.064908 seconds.
Begin MonoManager ReloadAssembly
Native extension for WindowsStandalone target not found
Native extension for WebGL target not found
Refreshing native plugins compatible for Editor in 3.16 ms, found 2 plugins.
Preloading 0 native plugins for Editor in 0.00 ms.
Invoked RoslynAnalysisRunner static constructor.
RoslynAnalysisRunner will not be running.
RoslynAnalysisRunner has terminated.
Mono: successfully reloaded assembly
- Completed reload, in  5.750 seconds
Platform modules already initialized, skipping
Refreshing native plugins compatible for Editor in 1.96 ms, found 2 plugins.
Preloading 0 native plugins for Editor in 0.00 ms.
Unloading 2111 Unused Serialized files (Serialized files now loaded: 0)
System memory in use before: 85.7 MB.
System memory in use after: 85.8 MB.

Unloading 50 unused Assets to reduce memory usage. Loaded Objects now: 2530.
Total: 14.296800 ms (FindLiveObjects: 0.519300 ms CreateObjectMapping: 0.148100 ms MarkObjects: 13.546300 ms  DeleteObjects: 0.078200 ms)

========================================================================
Received Prepare
Registering precompiled user dll's ...
Registered in 0.046059 seconds.
Begin MonoManager ReloadAssembly
Native extension for WindowsStandalone target not found
Native extension for WebGL target not found
Refreshing native plugins compatible for Editor in 1.67 ms, found 2 plugins.
Preloading 0 native plugins for Editor in 0.00 ms.
Invoked RoslynAnalysisRunner static constructor.
RoslynAnalysisRunner will not be running.
RoslynAnalysisRunner has terminated.
Mono: successfully reloaded assembly
- Completed reload, in  3.525 seconds
Platform modules already initialized, skipping
Refreshing native plugins compatible for Editor in 1.55 ms, found 2 plugins.
Preloading 0 native plugins for Editor in 0.00 ms.
Unloading 2111 Unused Serialized files (Serialized files now loaded: 0)
System memory in use before: 85.7 MB.
System memory in use after: 85.9 MB.

Unloading 50 unused Assets to reduce memory usage. Loaded Objects now: 2532.
Total: 13.839900 ms (FindLiveObjects: 0.506800 ms CreateObjectMapping: 0.162000 ms MarkObjects: 13.089100 ms  DeleteObjects: 0.077700 ms)

========================================================================
Received Prepare
Registering precompiled user dll's ...
Registered in 0.019123 seconds.
Begin MonoManager ReloadAssembly
Native extension for WindowsStandalone target not found
Native extension for WebGL target not found
Refreshing native plugins compatible for Editor in 1.73 ms, found 2 plugins.
Preloading 0 native plugins for Editor in 0.00 ms.
Invoked RoslynAnalysisRunner static constructor.
RoslynAnalysisRunner will not be running.
RoslynAnalysisRunner has terminated.
Mono: successfully reloaded assembly
- Completed reload, in  3.903 seconds
Platform modules already initialized, skipping
Refreshing native plugins compatible for Editor in 1.82 ms, found 2 plugins.
Preloading 0 native plugins for Editor in 0.00 ms.
Unloading 2111 Unused Serialized files (Serialized files now loaded: 0)
System memory in use before: 85.7 MB.
System memory in use after: 85.9 MB.

Unloading 50 unused Assets to reduce memory usage. Loaded Objects now: 2534.
Total: 13.769300 ms (FindLiveObjects: 0.523400 ms CreateObjectMapping: 0.152200 ms MarkObjects: 13.008500 ms  DeleteObjects: 0.080900 ms)

========================================================================
Received Prepare
Registering precompiled user dll's ...
Registered in 0.010043 seconds.
Begin MonoManager ReloadAssembly
Native extension for WindowsStandalone target not found
Native extension for WebGL target not found
Refreshing native plugins compatible for Editor in 1.47 ms, found 2 plugins.
Preloading 0 native plugins for Editor in 0.00 ms.
Invoked RoslynAnalysisRunner static constructor.
RoslynAnalysisRunner will not be running.
RoslynAnalysisRunner has terminated.
Mono: successfully reloaded assembly
- Completed reload, in  3.476 seconds
Platform modules already initialized, skipping
Refreshing native plugins compatible for Editor in 12.93 ms, found 2 plugins.
Preloading 0 native plugins for Editor in 0.00 ms.
Unloading 2111 Unused Serialized files (Serialized files now loaded: 0)
System memory in use before: 85.8 MB.
System memory in use after: 85.9 MB.

Unloading 50 unused Assets to reduce memory usage. Loaded Objects now: 2536.
Total: 18.993900 ms (FindLiveObjects: 1.840700 ms CreateObjectMapping: 0.297100 ms MarkObjects: 16.758300 ms  DeleteObjects: 0.092500 ms)

========================================================================
Received Prepare
Registering precompiled user dll's ...
Registered in 0.022915 seconds.
Begin MonoManager ReloadAssembly
Native extension for WindowsStandalone target not found
Native extension for WebGL target not found
Refreshing native plugins compatible for Editor in 2.35 ms, found 2 plugins.
Preloading 0 native plugins for Editor in 0.00 ms.
Invoked RoslynAnalysisRunner static constructor.
RoslynAnalysisRunner will not be running.
RoslynAnalysisRunner has terminated.
Mono: successfully reloaded assembly
- Completed reload, in  4.481 seconds
Platform modules already initialized, skipping
Refreshing native plugins compatible for Editor in 1.49 ms, found 2 plugins.
Preloading 0 native plugins for Editor in 0.00 ms.
Unloading 2111 Unused Serialized files (Serialized files now loaded: 0)
System memory in use before: 85.8 MB.
System memory in use after: 85.9 MB.

Unloading 50 unused Assets to reduce memory usage. Loaded Objects now: 2538.
Total: 12.046600 ms (FindLiveObjects: 0.557500 ms CreateObjectMapping: 0.242400 ms MarkObjects: 11.156300 ms  DeleteObjects: 0.086800 ms)

========================================================================
Received Prepare
Registering precompiled user dll's ...
Registered in 0.016834 seconds.
Begin MonoManager ReloadAssembly
Native extension for WindowsStandalone target not found
Native extension for WebGL target not found
Refreshing native plugins compatible for Editor in 1.71 ms, found 2 plugins.
Preloading 0 native plugins for Editor in 0.00 ms.
Invoked RoslynAnalysisRunner static constructor.
RoslynAnalysisRunner will not be running.
RoslynAnalysisRunner has terminated.
Mono: successfully reloaded assembly
- Completed reload, in  5.104 seconds
Platform modules already initialized, skipping
Refreshing native plugins compatible for Editor in 3.65 ms, found 2 plugins.
Preloading 0 native plugins for Editor in 0.00 ms.
Unloading 2111 Unused Serialized files (Serialized files now loaded: 0)
System memory in use before: 85.8 MB.
System memory in use after: 85.9 MB.

Unloading 50 unused Assets to reduce memory usage. Loaded Objects now: 2540.
Total: 17.006300 ms (FindLiveObjects: 0.513900 ms CreateObjectMapping: 0.146600 ms MarkObjects: 16.235300 ms  DeleteObjects: 0.107000 ms)

========================================================================
Received Prepare
Registering precompiled user dll's ...
Registered in 0.012586 seconds.
Begin MonoManager ReloadAssembly
Native extension for WindowsStandalone target not found
Native extension for WebGL target not found
Refreshing native plugins compatible for Editor in 1.54 ms, found 2 plugins.
Preloading 0 native plugins for Editor in 0.00 ms.
Invoked RoslynAnalysisRunner static constructor.
RoslynAnalysisRunner will not be running.
RoslynAnalysisRunner has terminated.
Mono: successfully reloaded assembly
- Completed reload, in  3.079 seconds
Platform modules already initialized, skipping
Refreshing native plugins compatible for Editor in 1.65 ms, found 2 plugins.
Preloading 0 native plugins for Editor in 0.00 ms.
Unloading 2111 Unused Serialized files (Serialized files now loaded: 0)
System memory in use before: 85.8 MB.
System memory in use after: 85.9 MB.

Unloading 50 unused Assets to reduce memory usage. Loaded Objects now: 2542.
Total: 13.793100 ms (FindLiveObjects: 0.496900 ms CreateObjectMapping: 0.142000 ms MarkObjects: 13.067800 ms  DeleteObjects: 0.082600 ms)

========================================================================
Received Prepare
Registering precompiled user dll's ...
Registered in 0.010486 seconds.
Begin MonoManager ReloadAssembly
Native extension for WindowsStandalone target not found
Native extension for WebGL target not found
Refreshing native plugins compatible for Editor in 1.63 ms, found 2 plugins.
Preloading 0 native plugins for Editor in 0.00 ms.
Invoked RoslynAnalysisRunner static constructor.
RoslynAnalysisRunner will not be running.
RoslynAnalysisRunner has terminated.
Mono: successfully reloaded assembly
- Completed reload, in  3.556 seconds
Platform modules already initialized, skipping
Refreshing native plugins compatible for Editor in 2.27 ms, found 2 plugins.
Preloading 0 native plugins for Editor in 0.00 ms.
Unloading 2111 Unused Serialized files (Serialized files now loaded: 0)
System memory in use before: 85.8 MB.
System memory in use after: 85.9 MB.

Unloading 50 unused Assets to reduce memory usage. Loaded Objects now: 2544.
Total: 13.720400 ms (FindLiveObjects: 0.898800 ms CreateObjectMapping: 0.381200 ms MarkObjects: 12.357000 ms  DeleteObjects: 0.079100 ms)

========================================================================
Received Import Request.
  Time since last request: 505.122649 seconds.
  path: Assets/Scenes/MenuScene.unity
  artifactKey: Guid(5a79ed90817ffa94bbe3b5d119a3d080) Importer(815301076,1909f56bfc062723c751e8b465ee728b)
Start importing Assets/Scenes/MenuScene.unity using Guid(5a79ed90817ffa94bbe3b5d119a3d080) Importer(815301076,1909f56bfc062723c751e8b465ee728b)  -> (artifact id: '39549fce4e35157836e2c9b813093fa4') in 0.055953 seconds
  Import took 0.063655 seconds .

========================================================================
Received Import Request.
  Time since last request: 4.841844 seconds.
  path: Assets/Scenes/MenuScene.unity
  artifactKey: Guid(5a79ed90817ffa94bbe3b5d119a3d080) Importer(815301076,1909f56bfc062723c751e8b465ee728b)
Start importing Assets/Scenes/MenuScene.unity using Guid(5a79ed90817ffa94bbe3b5d119a3d080) Importer(815301076,1909f56bfc062723c751e8b465ee728b)  -> (artifact id: '39549fce4e35157836e2c9b813093fa4') in 0.016243 seconds
  Import took 0.025264 seconds .

========================================================================
Received Prepare
Registering precompiled user dll's ...
Registered in 0.019999 seconds.
Begin MonoManager ReloadAssembly
Native extension for WindowsStandalone target not found
Native extension for WebGL target not found
Refreshing native plugins compatible for Editor in 2.03 ms, found 2 plugins.
Preloading 0 native plugins for Editor in 0.00 ms.
Invoked RoslynAnalysisRunner static constructor.
RoslynAnalysisRunner will not be running.
RoslynAnalysisRunner has terminated.
Mono: successfully reloaded assembly
- Completed reload, in  7.418 seconds
Platform modules already initialized, skipping
Refreshing native plugins compatible for Editor in 3.18 ms, found 2 plugins.
Preloading 0 native plugins for Editor in 0.00 ms.
Unloading 2111 Unused Serialized files (Serialized files now loaded: 0)
System memory in use before: 85.8 MB.
System memory in use after: 85.9 MB.

Unloading 50 unused Assets to reduce memory usage. Loaded Objects now: 2546.
Total: 19.967800 ms (FindLiveObjects: 1.159700 ms CreateObjectMapping: 0.612900 ms MarkObjects: 18.113400 ms  DeleteObjects: 0.077700 ms)

========================================================================
Received Import Request.
  Time since last request: 148.301039 seconds.
  path: Assets/Animation
  artifactKey: Guid(050b1aca3a379994eba1fbfbc05d4c78) Importer(815301076,1909f56bfc062723c751e8b465ee728b)
Start importing Assets/Animation using Guid(050b1aca3a379994eba1fbfbc05d4c78) Importer(815301076,1909f56bfc062723c751e8b465ee728b)  -> (artifact id: '431ec1e84fbd5c852458a16353865a28') in 0.041720 seconds
  Import took 0.053299 seconds .

========================================================================
Received Import Request.
  Time since last request: 105.104210 seconds.
  path: Assets/Animation/Menu Panel.controller
  artifactKey: Guid(4ee431dd48d289144bb6de972ac0b268) Importer(815301076,1909f56bfc062723c751e8b465ee728b)
Start importing Assets/Animation/Menu Panel.controller using Guid(4ee431dd48d289144bb6de972ac0b268) Importer(815301076,1909f56bfc062723c751e8b465ee728b)  -> (artifact id: '172590f316d033d021ec80f82a8127b8') in 0.062789 seconds
  Import took 0.070546 seconds .

========================================================================
Received Import Request.
  Time since last request: 5.325581 seconds.
  path: Assets/Animation/Menu Animation.anim
  artifactKey: Guid(1f5453236cc4f4644a73085b5ea61522) Importer(815301076,1909f56bfc062723c751e8b465ee728b)
Start importing Assets/Animation/Menu Animation.anim using Guid(1f5453236cc4f4644a73085b5ea61522) Importer(815301076,1909f56bfc062723c751e8b465ee728b)  -> (artifact id: 'df1090f76263feef909626edcda15274') in 0.038559 seconds
  Import took 0.049970 seconds .

========================================================================
Received Import Request.
  Time since last request: 0.017122 seconds.
  path: Assets/Animation/Menu Animation.anim
  artifactKey: Guid(1f5453236cc4f4644a73085b5ea61522) Importer(815301076,1909f56bfc062723c751e8b465ee728b)
Start importing Assets/Animation/Menu Animation.anim using Guid(1f5453236cc4f4644a73085b5ea61522) Importer(815301076,1909f56bfc062723c751e8b465ee728b)  -> (artifact id: 'df1090f76263feef909626edcda15274') in 0.026156 seconds
  Import took 0.041475 seconds .

========================================================================
Received Import Request.
  Time since last request: 5.715789 seconds.
  path: Assets/Animation/Opening Menu.anim
  artifactKey: Guid(1f5453236cc4f4644a73085b5ea61522) Importer(815301076,1909f56bfc062723c751e8b465ee728b)
Start importing Assets/Animation/Opening Menu.anim using Guid(1f5453236cc4f4644a73085b5ea61522) Importer(815301076,1909f56bfc062723c751e8b465ee728b)  -> (artifact id: '9c1f0d39e3634fecab557e6144b91c4a') in 0.026986 seconds
  Import took 0.044660 seconds .

========================================================================
Received Import Request.
  Time since last request: 306.553544 seconds.
  path: Assets/Animation/Menu Panel.controller
  artifactKey: Guid(4ee431dd48d289144bb6de972ac0b268) Importer(815301076,1909f56bfc062723c751e8b465ee728b)
Start importing Assets/Animation/Menu Panel.controller using Guid(4ee431dd48d289144bb6de972ac0b268) Importer(815301076,1909f56bfc062723c751e8b465ee728b)  -> (artifact id: '11d5c60106ed9993b365c4f3c27ee113') in 0.034262 seconds
  Import took 0.042978 seconds .

========================================================================
Received Import Request.
  Time since last request: 0.803674 seconds.
  path: Assets/Animation/Opening Menu.anim
  artifactKey: Guid(1f5453236cc4f4644a73085b5ea61522) Importer(815301076,1909f56bfc062723c751e8b465ee728b)
Start importing Assets/Animation/Opening Menu.anim using Guid(1f5453236cc4f4644a73085b5ea61522) Importer(815301076,1909f56bfc062723c751e8b465ee728b)  -> (artifact id: 'a9326d9ab8215478d599957f09ab3d00') in 0.015195 seconds
  Import took 0.023199 seconds .

========================================================================
Received Import Request.
  Time since last request: 48.885800 seconds.
  path: Assets/Animation/Idle Menu.anim
  artifactKey: Guid(417dd558d9ac01046a0db9c7edc28b34) Importer(815301076,1909f56bfc062723c751e8b465ee728b)
Start importing Assets/Animation/Idle Menu.anim using Guid(417dd558d9ac01046a0db9c7edc28b34) Importer(815301076,1909f56bfc062723c751e8b465ee728b)  -> (artifact id: 'c28bd1891acc55555cf49c8dda860c20') in 0.035161 seconds
  Import took 0.044501 seconds .

========================================================================
Received Import Request.
  Time since last request: 0.003675 seconds.
  path: Assets/Animation/Idle Menu.anim
  artifactKey: Guid(417dd558d9ac01046a0db9c7edc28b34) Importer(815301076,1909f56bfc062723c751e8b465ee728b)
Start importing Assets/Animation/Idle Menu.anim using Guid(417dd558d9ac01046a0db9c7edc28b34) Importer(815301076,1909f56bfc062723c751e8b465ee728b)  -> (artifact id: 'c28bd1891acc55555cf49c8dda860c20') in 0.018542 seconds
  Import took 0.029540 seconds .

========================================================================
Received Import Request.
  Time since last request: 24.358862 seconds.
  path: Assets/Animation/Menu Panel.controller
  artifactKey: Guid(4ee431dd48d289144bb6de972ac0b268) Importer(815301076,1909f56bfc062723c751e8b465ee728b)
Start importing Assets/Animation/Menu Panel.controller using Guid(4ee431dd48d289144bb6de972ac0b268) Importer(815301076,1909f56bfc062723c751e8b465ee728b)  -> (artifact id: 'f57e9460c1bd2d292629317422880bbc') in 0.041193 seconds
  Import took 0.063195 seconds .

========================================================================
Received Prepare
Registering precompiled user dll's ...
Registered in 0.019691 seconds.
Begin MonoManager ReloadAssembly
Native extension for WindowsStandalone target not found
Native extension for WebGL target not found
Refreshing native plugins compatible for Editor in 1.99 ms, found 2 plugins.
Preloading 0 native plugins for Editor in 0.00 ms.
Invoked RoslynAnalysisRunner static constructor.
RoslynAnalysisRunner will not be running.
RoslynAnalysisRunner has terminated.
Mono: successfully reloaded assembly
- Completed reload, in  4.553 seconds
Platform modules already initialized, skipping
Refreshing native plugins compatible for Editor in 4.86 ms, found 2 plugins.
Preloading 0 native plugins for Editor in 0.00 ms.
Unloading 2111 Unused Serialized files (Serialized files now loaded: 0)
System memory in use before: 85.8 MB.
System memory in use after: 85.9 MB.

Unloading 50 unused Assets to reduce memory usage. Loaded Objects now: 2548.
Total: 69.999500 ms (FindLiveObjects: 1.092300 ms CreateObjectMapping: 2.936200 ms MarkObjects: 65.812900 ms  DeleteObjects: 0.153700 ms)

========================================================================
Received Prepare
Registering precompiled user dll's ...
Registered in 0.033470 seconds.
Begin MonoManager ReloadAssembly
Native extension for WindowsStandalone target not found
Native extension for WebGL target not found
Refreshing native plugins compatible for Editor in 3.87 ms, found 2 plugins.
Preloading 0 native plugins for Editor in 0.00 ms.
Invoked RoslynAnalysisRunner static constructor.
RoslynAnalysisRunner will not be running.
RoslynAnalysisRunner has terminated.
Mono: successfully reloaded assembly
- Completed reload, in  6.889 seconds
Platform modules already initialized, skipping
Refreshing native plugins compatible for Editor in 13.43 ms, found 2 plugins.
Preloading 0 native plugins for Editor in 0.00 ms.
Unloading 2111 Unused Serialized files (Serialized files now loaded: 0)
System memory in use before: 85.8 MB.
System memory in use after: 85.9 MB.

Unloading 50 unused Assets to reduce memory usage. Loaded Objects now: 2550.
Total: 122.461000 ms (FindLiveObjects: 9.559700 ms CreateObjectMapping: 0.922900 ms MarkObjects: 111.856800 ms  DeleteObjects: 0.117400 ms)

========================================================================
Received Import Request.
  Time since last request: 131.435460 seconds.
  path: Assets/Animation/Opening Menu.anim
  artifactKey: Guid(1f5453236cc4f4644a73085b5ea61522) Importer(815301076,1909f56bfc062723c751e8b465ee728b)
Start importing Assets/Animation/Opening Menu.anim using Guid(1f5453236cc4f4644a73085b5ea61522) Importer(815301076,1909f56bfc062723c751e8b465ee728b)  -> (artifact id: 'f97a9ab82c8fe51b32a8621898b8087d') in 0.043672 seconds
  Import took 0.051743 seconds .

========================================================================
Received Import Request.
  Time since last request: 0.544282 seconds.
  path: Assets/Animation/Idle Menu.anim
  artifactKey: Guid(417dd558d9ac01046a0db9c7edc28b34) Importer(815301076,1909f56bfc062723c751e8b465ee728b)
Start importing Assets/Animation/Idle Menu.anim using Guid(417dd558d9ac01046a0db9c7edc28b34) Importer(815301076,1909f56bfc062723c751e8b465ee728b)  -> (artifact id: 'cee63834f1f983a262a49d35b8153fac') in 0.017261 seconds
  Import took 0.024126 seconds .

========================================================================
Received Prepare
Registering precompiled user dll's ...
Registered in 0.010471 seconds.
Begin MonoManager ReloadAssembly
Native extension for WindowsStandalone target not found
Native extension for WebGL target not found
Refreshing native plugins compatible for Editor in 1.90 ms, found 2 plugins.
Preloading 0 native plugins for Editor in 0.00 ms.
Invoked RoslynAnalysisRunner static constructor.
RoslynAnalysisRunner will not be running.
RoslynAnalysisRunner has terminated.
Mono: successfully reloaded assembly
- Completed reload, in  9.055 seconds
Platform modules already initialized, skipping
Refreshing native plugins compatible for Editor in 10.09 ms, found 2 plugins.
Preloading 0 native plugins for Editor in 0.00 ms.
Unloading 2111 Unused Serialized files (Serialized files now loaded: 0)
System memory in use before: 85.8 MB.
System memory in use after: 85.9 MB.

Unloading 50 unused Assets to reduce memory usage. Loaded Objects now: 2552.
Total: 58.871500 ms (FindLiveObjects: 5.367300 ms CreateObjectMapping: 0.961600 ms MarkObjects: 52.369300 ms  DeleteObjects: 0.168600 ms)

========================================================================
Received Prepare
Registering precompiled user dll's ...
Registered in 0.018460 seconds.
Begin MonoManager ReloadAssembly
Native extension for WindowsStandalone target not found
Native extension for WebGL target not found
Refreshing native plugins compatible for Editor in 1.77 ms, found 2 plugins.
Preloading 0 native plugins for Editor in 0.00 ms.
Invoked RoslynAnalysisRunner static constructor.
RoslynAnalysisRunner will not be running.
RoslynAnalysisRunner has terminated.
Mono: successfully reloaded assembly
- Completed reload, in 12.882 seconds
Platform modules already initialized, skipping
Refreshing native plugins compatible for Editor in 78.28 ms, found 2 plugins.
Preloading 0 native plugins for Editor in 0.00 ms.
Unloading 2111 Unused Serialized files (Serialized files now loaded: 0)
System memory in use before: 85.8 MB.
System memory in use after: 85.9 MB.

Unloading 50 unused Assets to reduce memory usage. Loaded Objects now: 2554.
Total: 78.360500 ms (FindLiveObjects: 1.136000 ms CreateObjectMapping: 1.796100 ms MarkObjects: 75.327000 ms  DeleteObjects: 0.096600 ms)

========================================================================
Received Prepare
Registering precompiled user dll's ...
Registered in 0.024589 seconds.
Begin MonoManager ReloadAssembly
Native extension for WindowsStandalone target not found
Native extension for WebGL target not found
Refreshing native plugins compatible for Editor in 2.56 ms, found 2 plugins.
Preloading 0 native plugins for Editor in 0.00 ms.
Invoked RoslynAnalysisRunner static constructor.
RoslynAnalysisRunner will not be running.
RoslynAnalysisRunner has terminated.
Mono: successfully reloaded assembly
- Completed reload, in  7.263 seconds
Platform modules already initialized, skipping
Refreshing native plugins compatible for Editor in 3.23 ms, found 2 plugins.
Preloading 0 native plugins for Editor in 0.00 ms.
Unloading 2111 Unused Serialized files (Serialized files now loaded: 0)
System memory in use before: 85.8 MB.
System memory in use after: 85.9 MB.

Unloading 50 unused Assets to reduce memory usage. Loaded Objects now: 2556.
Total: 19.484900 ms (FindLiveObjects: 0.537800 ms CreateObjectMapping: 0.182900 ms MarkObjects: 18.676500 ms  DeleteObjects: 0.083700 ms)

