Using pre-set license
Built from '2020.3/release' branch; Version is '2020.3.1f1 (77a89f25062f) revision 7841951'; Using compiler version '192528614'; Build Type 'Release'
OS: 'Windows 10 Pro; OS build 19041.1165; Version 2004; 64bit' Language: 'en' Physical Memory: 7637 MB
BatchMode: 1, IsHumanControllingUs: 0, StartBugReporterOnCrash: 0, Is64bit: 1, IsPro: 0

 COMMAND LINE ARGUMENTS:
C:\Program Files\Unity\Hub\Editor\2020.3.1f1\Editor\Unity.exe
-adb2
-batchMode
-noUpm
-name
AssetImportWorker0
-projectPath
E:/Project/Panjat Pinang/Panjat-Pinang
-logFile
Logs/AssetImportWorker0.log
-srvPort
56462
Successfully changed project path to: E:/Project/Panjat Pinang/Panjat-Pinang
E:/Project/Panjat Pinang/Panjat-Pinang
Using Asset Import Pipeline V2.
Refreshing native plugins compatible for Editor in 155.85 ms, found 2 plugins.
Preloading 0 native plugins for Editor in 0.00 ms.
Initialize engine version: 2020.3.1f1 (77a89f25062f)
[Subsystems] Discovering subsystems at path C:/Program Files/Unity/Hub/Editor/2020.3.1f1/Editor/Data/Resources/UnitySubsystems
[Subsystems] Discovering subsystems at path E:/Project/Panjat Pinang/Panjat-Pinang/Assets
GfxDevice: creating device client; threaded=0
Direct3D:
    Version:  Direct3D 11.0 [level 11.1]
    Renderer: AMD Radeon R7 Graphics (ID=0x9874)
    Vendor:   
    VRAM:     3818 MB
    Driver:   27.20.14501.28009
Initialize mono
Mono path[0] = 'C:/Program Files/Unity/Hub/Editor/2020.3.1f1/Editor/Data/Managed'
Mono path[1] = 'C:/Program Files/Unity/Hub/Editor/2020.3.1f1/Editor/Data/MonoBleedingEdge/lib/mono/unityjit'
Mono config path = 'C:/Program Files/Unity/Hub/Editor/2020.3.1f1/Editor/Data/MonoBleedingEdge/etc'
Using monoOptions --debugger-agent=transport=dt_socket,embedding=1,server=y,suspend=n,address=127.0.0.1:56664
Begin MonoManager ReloadAssembly
Registering precompiled unity dll's ...
Register platform support module: C:/Program Files/Unity/Hub/Editor/2020.3.1f1/Editor/Data/PlaybackEngines/WebGLSupport/UnityEditor.WebGL.Extensions.dll
Register platform support module: C:/Program Files/Unity/Hub/Editor/2020.3.1f1/Editor/Data/PlaybackEngines/WindowsStandaloneSupport/UnityEditor.WindowsStandalone.Extensions.dll
Registered in 0.007733 seconds.
Native extension for WindowsStandalone target not found
Native extension for WebGL target not found
Refreshing native plugins compatible for Editor in 96.76 ms, found 2 plugins.
Preloading 0 native plugins for Editor in 0.00 ms.
Invoked RoslynAnalysisRunner static constructor.
RoslynAnalysisRunner will not be running.
RoslynAnalysisRunner has terminated.
Mono: successfully reloaded assembly
- Completed reload, in  7.768 seconds
Platform modules already initialized, skipping
Registering precompiled user dll's ...
Registered in 0.024884 seconds.
Begin MonoManager ReloadAssembly
Native extension for WindowsStandalone target not found
Native extension for WebGL target not found
Refreshing native plugins compatible for Editor in 1.98 ms, found 2 plugins.
Preloading 0 native plugins for Editor in 0.00 ms.
Invoked RoslynAnalysisRunner static constructor.
RoslynAnalysisRunner will not be running.
RoslynAnalysisRunner has terminated.
Mono: successfully reloaded assembly
- Completed reload, in  3.695 seconds
Platform modules already initialized, skipping
========================================================================
Worker process is ready to serve import requests
Launched and connected shader compiler UnityShaderCompiler.exe after 0.16 seconds
Refreshing native plugins compatible for Editor in 3.53 ms, found 2 plugins.
Preloading 0 native plugins for Editor in 0.00 ms.
Unloading 2119 Unused Serialized files (Serialized files now loaded: 0)
System memory in use before: 85.7 MB.
System memory in use after: 85.8 MB.

Unloading 59 unused Assets to reduce memory usage. Loaded Objects now: 2524.
Total: 15.497900 ms (FindLiveObjects: 0.993300 ms CreateObjectMapping: 0.815600 ms MarkObjects: 13.485700 ms  DeleteObjects: 0.198800 ms)

========================================================================
Received Import Request.
  path: Assets/Scenes/GameScene.unity
  artifactKey: Guid(d56a101f2974dd9459b1ee3f4cfacbc9) Importer(815301076,1909f56bfc062723c751e8b465ee728b)
Start importing Assets/Scenes/GameScene.unity using Guid(d56a101f2974dd9459b1ee3f4cfacbc9) Importer(815301076,1909f56bfc062723c751e8b465ee728b)  -> (artifact id: '3f519618539f6ec692ba9e7c80860b23') in 0.044479 seconds
  Import took 0.052875 seconds .

========================================================================
Received Import Request.
  Time since last request: 155.545476 seconds.
  path: Assets/Audio/bg music-Instrumentals.mp3
  artifactKey: Guid(4265a3bc7679f7c40a098ba1244518ec) Importer(815301076,1909f56bfc062723c751e8b465ee728b)
Start importing Assets/Audio/bg music-Instrumentals.mp3 using Guid(4265a3bc7679f7c40a098ba1244518ec) Importer(815301076,1909f56bfc062723c751e8b465ee728b)  -> (artifact id: '4730f122c48c483815707532ddd832aa') in 0.452947 seconds
  Import took 0.461304 seconds .

========================================================================
Received Prepare
Registering precompiled user dll's ...
Registered in 0.017969 seconds.
Begin MonoManager ReloadAssembly
Native extension for WindowsStandalone target not found
Native extension for WebGL target not found
Refreshing native plugins compatible for Editor in 2.16 ms, found 2 plugins.
Preloading 0 native plugins for Editor in 0.00 ms.
Invoked RoslynAnalysisRunner static constructor.
RoslynAnalysisRunner will not be running.
RoslynAnalysisRunner has terminated.
Mono: successfully reloaded assembly
- Completed reload, in  5.906 seconds
Platform modules already initialized, skipping
Refreshing native plugins compatible for Editor in 3.01 ms, found 2 plugins.
Preloading 0 native plugins for Editor in 0.00 ms.
Unloading 2111 Unused Serialized files (Serialized files now loaded: 0)
System memory in use before: 88.6 MB.
System memory in use after: 88.7 MB.

Unloading 50 unused Assets to reduce memory usage. Loaded Objects now: 2535.
Total: 20.575300 ms (FindLiveObjects: 1.116000 ms CreateObjectMapping: 0.255200 ms MarkObjects: 19.111800 ms  DeleteObjects: 0.085800 ms)

========================================================================
Received Prepare
Registering precompiled user dll's ...
Registered in 0.009220 seconds.
Begin MonoManager ReloadAssembly
Native extension for WindowsStandalone target not found
Native extension for WebGL target not found
Refreshing native plugins compatible for Editor in 1.49 ms, found 2 plugins.
Preloading 0 native plugins for Editor in 0.00 ms.
Invoked RoslynAnalysisRunner static constructor.
RoslynAnalysisRunner will not be running.
RoslynAnalysisRunner has terminated.
Mono: successfully reloaded assembly
- Completed reload, in  3.998 seconds
Platform modules already initialized, skipping
Refreshing native plugins compatible for Editor in 2.09 ms, found 2 plugins.
Preloading 0 native plugins for Editor in 0.00 ms.
Unloading 2111 Unused Serialized files (Serialized files now loaded: 0)
System memory in use before: 88.6 MB.
System memory in use after: 88.7 MB.

Unloading 50 unused Assets to reduce memory usage. Loaded Objects now: 2537.
Total: 18.555400 ms (FindLiveObjects: 0.853000 ms CreateObjectMapping: 0.311700 ms MarkObjects: 17.249900 ms  DeleteObjects: 0.135800 ms)

========================================================================
Received Import Request.
  Time since last request: 540.304742 seconds.
  path: Assets/Audio/jATUH.mp3
  artifactKey: Guid(fe9b1fbb1f206f347becdde3d1d74ce9) Importer(815301076,1909f56bfc062723c751e8b465ee728b)
Start importing Assets/Audio/jATUH.mp3 using Guid(fe9b1fbb1f206f347becdde3d1d74ce9) Importer(815301076,1909f56bfc062723c751e8b465ee728b)  -> (artifact id: '1495a488c4e43246ccf65f4a0656148b') in 0.164140 seconds
  Import took 0.179066 seconds .

========================================================================
Received Import Request.
  Time since last request: 0.000572 seconds.
  path: Assets/Audio/oli.mp3
  artifactKey: Guid(757f243e4d8444d4fb1ef56780e2f431) Importer(815301076,1909f56bfc062723c751e8b465ee728b)
Start importing Assets/Audio/oli.mp3 using Guid(757f243e4d8444d4fb1ef56780e2f431) Importer(815301076,1909f56bfc062723c751e8b465ee728b)  -> (artifact id: 'c8d63ead2abcc5d5228b0bdcc42db112') in 0.027704 seconds
  Import took 0.034021 seconds .

========================================================================
Received Import Request.
  Time since last request: 0.000471 seconds.
  path: Assets/Audio/KERAMAIAN.mp3
  artifactKey: Guid(e53339faf4e84774a87abf1030d19d13) Importer(815301076,1909f56bfc062723c751e8b465ee728b)
Start importing Assets/Audio/KERAMAIAN.mp3 using Guid(e53339faf4e84774a87abf1030d19d13) Importer(815301076,1909f56bfc062723c751e8b465ee728b)  -> (artifact id: '9e06a802b0c1330fa462cb06460addea') in 0.031769 seconds
  Import took 0.040036 seconds .

========================================================================
Received Import Request.
  Time since last request: 0.000495 seconds.
  path: Assets/Audio/LONCAT.mp3
  artifactKey: Guid(190bfbc09e65be541bc0e29304b651a6) Importer(815301076,1909f56bfc062723c751e8b465ee728b)
Start importing Assets/Audio/LONCAT.mp3 using Guid(190bfbc09e65be541bc0e29304b651a6) Importer(815301076,1909f56bfc062723c751e8b465ee728b)  -> (artifact id: '8f3e445da05f9ef4840c7bd77d266308') in 0.026375 seconds
  Import took 0.033574 seconds .

========================================================================
Received Import Request.
  Time since last request: 82.413301 seconds.
  path: Assets/Scenes/GameScene.unity
  artifactKey: Guid(d56a101f2974dd9459b1ee3f4cfacbc9) Importer(815301076,1909f56bfc062723c751e8b465ee728b)
Start importing Assets/Scenes/GameScene.unity using Guid(d56a101f2974dd9459b1ee3f4cfacbc9) Importer(815301076,1909f56bfc062723c751e8b465ee728b)  -> (artifact id: 'c77258f3b5632c46f48920a423ef0d32') in 0.013170 seconds
  Import took 0.024606 seconds .

========================================================================
Received Import Request.
  Time since last request: 7.509459 seconds.
  path: Assets/Scripts/Player.cs
  artifactKey: Guid(36ff205704671144f836ee10137cea20) Importer(815301076,1909f56bfc062723c751e8b465ee728b)
Start importing Assets/Scripts/Player.cs using Guid(36ff205704671144f836ee10137cea20) Importer(815301076,1909f56bfc062723c751e8b465ee728b)  -> (artifact id: 'cb9efe743978225cd157a19c9a30904d') in 0.053018 seconds
  Import took 0.060305 seconds .

========================================================================
Received Import Request.
  Time since last request: 0.014454 seconds.
  path: Assets/Scripts/Player.cs
  artifactKey: Guid(36ff205704671144f836ee10137cea20) Importer(815301076,1909f56bfc062723c751e8b465ee728b)
Start importing Assets/Scripts/Player.cs using Guid(36ff205704671144f836ee10137cea20) Importer(815301076,1909f56bfc062723c751e8b465ee728b)  -> (artifact id: 'cb9efe743978225cd157a19c9a30904d') in 0.008302 seconds
  Import took 0.018083 seconds .

========================================================================
Received Prepare
Registering precompiled user dll's ...
Registered in 0.021297 seconds.
Begin MonoManager ReloadAssembly
Native extension for WindowsStandalone target not found
Native extension for WebGL target not found
Refreshing native plugins compatible for Editor in 3.35 ms, found 2 plugins.
Preloading 0 native plugins for Editor in 0.00 ms.
Invoked RoslynAnalysisRunner static constructor.
RoslynAnalysisRunner will not be running.
RoslynAnalysisRunner has terminated.
Mono: successfully reloaded assembly
- Completed reload, in  9.290 seconds
Platform modules already initialized, skipping
Refreshing native plugins compatible for Editor in 2.03 ms, found 2 plugins.
Preloading 0 native plugins for Editor in 0.00 ms.
Unloading 2111 Unused Serialized files (Serialized files now loaded: 0)
System memory in use before: 88.6 MB.
System memory in use after: 88.8 MB.

Unloading 50 unused Assets to reduce memory usage. Loaded Objects now: 2540.
Total: 13.134900 ms (FindLiveObjects: 0.522100 ms CreateObjectMapping: 0.183800 ms MarkObjects: 12.346200 ms  DeleteObjects: 0.078700 ms)

========================================================================
Received Prepare
Registering precompiled user dll's ...
Registered in 0.158844 seconds.
Begin MonoManager ReloadAssembly
Native extension for WindowsStandalone target not found
Native extension for WebGL target not found
Refreshing native plugins compatible for Editor in 3.11 ms, found 2 plugins.
Preloading 0 native plugins for Editor in 0.00 ms.
Invoked RoslynAnalysisRunner static constructor.
RoslynAnalysisRunner will not be running.
RoslynAnalysisRunner has terminated.
Mono: successfully reloaded assembly
- Completed reload, in  5.120 seconds
Platform modules already initialized, skipping
Refreshing native plugins compatible for Editor in 1.74 ms, found 2 plugins.
Preloading 0 native plugins for Editor in 0.00 ms.
Unloading 2111 Unused Serialized files (Serialized files now loaded: 0)
System memory in use before: 88.7 MB.
System memory in use after: 88.8 MB.

Unloading 50 unused Assets to reduce memory usage. Loaded Objects now: 2542.
Total: 31.699800 ms (FindLiveObjects: 0.570900 ms CreateObjectMapping: 0.301000 ms MarkObjects: 30.694600 ms  DeleteObjects: 0.128700 ms)

========================================================================
Received Prepare
Registering precompiled user dll's ...
Registered in 0.014061 seconds.
Begin MonoManager ReloadAssembly
Native extension for WindowsStandalone target not found
Native extension for WebGL target not found
Refreshing native plugins compatible for Editor in 2.42 ms, found 2 plugins.
Preloading 0 native plugins for Editor in 0.00 ms.
Invoked RoslynAnalysisRunner static constructor.
RoslynAnalysisRunner will not be running.
RoslynAnalysisRunner has terminated.
Mono: successfully reloaded assembly
- Completed reload, in  4.785 seconds
Platform modules already initialized, skipping
Refreshing native plugins compatible for Editor in 1.53 ms, found 2 plugins.
Preloading 0 native plugins for Editor in 0.00 ms.
Unloading 2111 Unused Serialized files (Serialized files now loaded: 0)
System memory in use before: 88.7 MB.
System memory in use after: 88.8 MB.

Unloading 50 unused Assets to reduce memory usage. Loaded Objects now: 2544.
Total: 14.381400 ms (FindLiveObjects: 0.667800 ms CreateObjectMapping: 0.251000 ms MarkObjects: 13.359000 ms  DeleteObjects: 0.099600 ms)

========================================================================
Received Prepare
Registering precompiled user dll's ...
Registered in 0.013207 seconds.
Begin MonoManager ReloadAssembly
Native extension for WindowsStandalone target not found
Native extension for WebGL target not found
Refreshing native plugins compatible for Editor in 1.67 ms, found 2 plugins.
Preloading 0 native plugins for Editor in 0.00 ms.
Invoked RoslynAnalysisRunner static constructor.
RoslynAnalysisRunner will not be running.
RoslynAnalysisRunner has terminated.
Mono: successfully reloaded assembly
- Completed reload, in  3.832 seconds
Platform modules already initialized, skipping
Refreshing native plugins compatible for Editor in 1.97 ms, found 2 plugins.
Preloading 0 native plugins for Editor in 0.00 ms.
Unloading 2111 Unused Serialized files (Serialized files now loaded: 0)
System memory in use before: 88.7 MB.
System memory in use after: 88.8 MB.

Unloading 50 unused Assets to reduce memory usage. Loaded Objects now: 2546.
Total: 14.030600 ms (FindLiveObjects: 0.537400 ms CreateObjectMapping: 0.164500 ms MarkObjects: 13.251200 ms  DeleteObjects: 0.074000 ms)

========================================================================
Received Prepare
Registering precompiled user dll's ...
Registered in 0.013071 seconds.
Begin MonoManager ReloadAssembly
Native extension for WindowsStandalone target not found
Native extension for WebGL target not found
Refreshing native plugins compatible for Editor in 2.65 ms, found 2 plugins.
Preloading 0 native plugins for Editor in 0.00 ms.
Invoked RoslynAnalysisRunner static constructor.
RoslynAnalysisRunner will not be running.
RoslynAnalysisRunner has terminated.
Mono: successfully reloaded assembly
- Completed reload, in  5.904 seconds
Platform modules already initialized, skipping
Refreshing native plugins compatible for Editor in 1.49 ms, found 2 plugins.
Preloading 0 native plugins for Editor in 0.00 ms.
Unloading 2111 Unused Serialized files (Serialized files now loaded: 0)
System memory in use before: 88.7 MB.
System memory in use after: 88.8 MB.

Unloading 50 unused Assets to reduce memory usage. Loaded Objects now: 2548.
Total: 12.631500 ms (FindLiveObjects: 0.513400 ms CreateObjectMapping: 0.188800 ms MarkObjects: 11.837600 ms  DeleteObjects: 0.087900 ms)

========================================================================
Received Import Request.
  Time since last request: 248.820725 seconds.
  path: Assets/Scenes/MenuScene.unity
  artifactKey: Guid(5a79ed90817ffa94bbe3b5d119a3d080) Importer(815301076,1909f56bfc062723c751e8b465ee728b)
Start importing Assets/Scenes/MenuScene.unity using Guid(5a79ed90817ffa94bbe3b5d119a3d080) Importer(815301076,1909f56bfc062723c751e8b465ee728b)  -> (artifact id: 'a3aa151c32d736b560ee9712afb6aa6b') in 0.057315 seconds
  Import took 0.093674 seconds .

========================================================================
Received Import Request.
  Time since last request: 28.163314 seconds.
  path: Assets/Scenes/GameScene.unity
  artifactKey: Guid(d56a101f2974dd9459b1ee3f4cfacbc9) Importer(815301076,1909f56bfc062723c751e8b465ee728b)
Start importing Assets/Scenes/GameScene.unity using Guid(d56a101f2974dd9459b1ee3f4cfacbc9) Importer(815301076,1909f56bfc062723c751e8b465ee728b)  -> (artifact id: '1efe3673fd0052fee7b16d79c5b6a481') in 0.019198 seconds
  Import took 0.055586 seconds .

========================================================================
Received Prepare
Registering precompiled user dll's ...
Registered in 0.022792 seconds.
Begin MonoManager ReloadAssembly
Native extension for WindowsStandalone target not found
Native extension for WebGL target not found
Refreshing native plugins compatible for Editor in 1.66 ms, found 2 plugins.
Preloading 0 native plugins for Editor in 0.00 ms.
Invoked RoslynAnalysisRunner static constructor.
RoslynAnalysisRunner will not be running.
RoslynAnalysisRunner has terminated.
Mono: successfully reloaded assembly
- Completed reload, in  4.213 seconds
Platform modules already initialized, skipping
Refreshing native plugins compatible for Editor in 2.69 ms, found 2 plugins.
Preloading 0 native plugins for Editor in 0.00 ms.
Unloading 2111 Unused Serialized files (Serialized files now loaded: 0)
System memory in use before: 88.7 MB.
System memory in use after: 88.8 MB.

Unloading 50 unused Assets to reduce memory usage. Loaded Objects now: 2550.
Total: 21.812100 ms (FindLiveObjects: 0.736900 ms CreateObjectMapping: 0.254100 ms MarkObjects: 20.388400 ms  DeleteObjects: 0.426900 ms)

========================================================================
Received Prepare
Registering precompiled user dll's ...
Registered in 0.012487 seconds.
Begin MonoManager ReloadAssembly
Native extension for WindowsStandalone target not found
Native extension for WebGL target not found
Refreshing native plugins compatible for Editor in 1.61 ms, found 2 plugins.
Preloading 0 native plugins for Editor in 0.00 ms.
Invoked RoslynAnalysisRunner static constructor.
RoslynAnalysisRunner will not be running.
RoslynAnalysisRunner has terminated.
Mono: successfully reloaded assembly
- Completed reload, in  3.514 seconds
Platform modules already initialized, skipping
Refreshing native plugins compatible for Editor in 1.49 ms, found 2 plugins.
Preloading 0 native plugins for Editor in 0.00 ms.
Unloading 2111 Unused Serialized files (Serialized files now loaded: 0)
System memory in use before: 88.7 MB.
System memory in use after: 88.8 MB.

Unloading 50 unused Assets to reduce memory usage. Loaded Objects now: 2552.
Total: 26.593900 ms (FindLiveObjects: 3.981500 ms CreateObjectMapping: 0.169200 ms MarkObjects: 22.358000 ms  DeleteObjects: 0.081400 ms)

========================================================================
Received Prepare
Registering precompiled user dll's ...
Registered in 0.024381 seconds.
Begin MonoManager ReloadAssembly
Native extension for WindowsStandalone target not found
Native extension for WebGL target not found
Refreshing native plugins compatible for Editor in 2.13 ms, found 2 plugins.
Preloading 0 native plugins for Editor in 0.00 ms.
Invoked RoslynAnalysisRunner static constructor.
RoslynAnalysisRunner will not be running.
RoslynAnalysisRunner has terminated.
Mono: successfully reloaded assembly
- Completed reload, in  4.033 seconds
Platform modules already initialized, skipping
Refreshing native plugins compatible for Editor in 2.47 ms, found 2 plugins.
Preloading 0 native plugins for Editor in 0.00 ms.
Unloading 2111 Unused Serialized files (Serialized files now loaded: 0)
System memory in use before: 88.7 MB.
System memory in use after: 88.8 MB.

Unloading 50 unused Assets to reduce memory usage. Loaded Objects now: 2554.
Total: 15.052100 ms (FindLiveObjects: 0.735600 ms CreateObjectMapping: 0.324200 ms MarkObjects: 13.906500 ms  DeleteObjects: 0.081000 ms)

========================================================================
Received Prepare
Registering precompiled user dll's ...
Registered in 0.011678 seconds.
Begin MonoManager ReloadAssembly
Native extension for WindowsStandalone target not found
Native extension for WebGL target not found
Refreshing native plugins compatible for Editor in 2.18 ms, found 2 plugins.
Preloading 0 native plugins for Editor in 0.00 ms.
Invoked RoslynAnalysisRunner static constructor.
RoslynAnalysisRunner will not be running.
RoslynAnalysisRunner has terminated.
Mono: successfully reloaded assembly
- Completed reload, in  6.806 seconds
Platform modules already initialized, skipping
Refreshing native plugins compatible for Editor in 1.69 ms, found 2 plugins.
Preloading 0 native plugins for Editor in 0.00 ms.
Unloading 2111 Unused Serialized files (Serialized files now loaded: 0)
System memory in use before: 88.7 MB.
System memory in use after: 88.8 MB.

Unloading 50 unused Assets to reduce memory usage. Loaded Objects now: 2556.
Total: 20.625500 ms (FindLiveObjects: 3.737500 ms CreateObjectMapping: 0.394800 ms MarkObjects: 16.402800 ms  DeleteObjects: 0.085800 ms)

========================================================================
Received Prepare
Registering precompiled user dll's ...
Registered in 0.024726 seconds.
Begin MonoManager ReloadAssembly
Native extension for WindowsStandalone target not found
Native extension for WebGL target not found
Refreshing native plugins compatible for Editor in 1.73 ms, found 2 plugins.
Preloading 0 native plugins for Editor in 0.00 ms.
Invoked RoslynAnalysisRunner static constructor.
RoslynAnalysisRunner will not be running.
RoslynAnalysisRunner has terminated.
Mono: successfully reloaded assembly
- Completed reload, in  3.567 seconds
Platform modules already initialized, skipping
Refreshing native plugins compatible for Editor in 1.83 ms, found 2 plugins.
Preloading 0 native plugins for Editor in 0.00 ms.
Unloading 2111 Unused Serialized files (Serialized files now loaded: 0)
System memory in use before: 88.7 MB.
System memory in use after: 88.8 MB.

Unloading 50 unused Assets to reduce memory usage. Loaded Objects now: 2558.
Total: 12.250400 ms (FindLiveObjects: 0.503500 ms CreateObjectMapping: 0.137900 ms MarkObjects: 11.537500 ms  DeleteObjects: 0.067800 ms)

========================================================================
Received Import Request.
  Time since last request: 156.609223 seconds.
  path: Assets/Prefabs/Player 1.prefab
  artifactKey: Guid(7f2ded47f8ba324438f612d1ac34f4bc) Importer(815301076,1909f56bfc062723c751e8b465ee728b)
Start importing Assets/Prefabs/Player 1.prefab using Guid(7f2ded47f8ba324438f612d1ac34f4bc) Importer(815301076,1909f56bfc062723c751e8b465ee728b)  -> (artifact id: '1a168e076fee775c8e706c85929e70be') in 0.346755 seconds
  Import took 0.381142 seconds .

========================================================================
Received Import Request.
  Time since last request: 0.001297 seconds.
  path: Assets/Prefabs/Player 2.prefab
  artifactKey: Guid(6d72f11e55f93db4b8e3f1e66aa028b8) Importer(815301076,1909f56bfc062723c751e8b465ee728b)
Start importing Assets/Prefabs/Player 2.prefab using Guid(6d72f11e55f93db4b8e3f1e66aa028b8) Importer(815301076,1909f56bfc062723c751e8b465ee728b)  -> (artifact id: '0e94823dd0934a0c73a6c9733d6bcbca') in 0.143749 seconds
  Import took 0.194998 seconds .

========================================================================
Received Import Request.
  Time since last request: 0.000419 seconds.
  path: Assets/Prefabs/Player 1.prefab
  artifactKey: Guid(7f2ded47f8ba324438f612d1ac34f4bc) Importer(815301076,1909f56bfc062723c751e8b465ee728b)
Start importing Assets/Prefabs/Player 1.prefab using Guid(7f2ded47f8ba324438f612d1ac34f4bc) Importer(815301076,1909f56bfc062723c751e8b465ee728b)  -> (artifact id: '1a168e076fee775c8e706c85929e70be') in 0.078394 seconds
  Import took 0.088883 seconds .

========================================================================
Received Prepare
Registering precompiled user dll's ...
Registered in 0.015890 seconds.
Begin MonoManager ReloadAssembly
Native extension for WindowsStandalone target not found
Native extension for WebGL target not found
Refreshing native plugins compatible for Editor in 1.68 ms, found 2 plugins.
Preloading 0 native plugins for Editor in 0.00 ms.
Invoked RoslynAnalysisRunner static constructor.
RoslynAnalysisRunner will not be running.
RoslynAnalysisRunner has terminated.
Mono: successfully reloaded assembly
- Completed reload, in  3.817 seconds
Platform modules already initialized, skipping
Refreshing native plugins compatible for Editor in 1.49 ms, found 2 plugins.
Preloading 0 native plugins for Editor in 0.00 ms.
Unloading 2111 Unused Serialized files (Serialized files now loaded: 0)
System memory in use before: 88.8 MB.
System memory in use after: 88.9 MB.

Unloading 50 unused Assets to reduce memory usage. Loaded Objects now: 2561.
Total: 17.425200 ms (FindLiveObjects: 3.068800 ms CreateObjectMapping: 0.658800 ms MarkObjects: 13.614900 ms  DeleteObjects: 0.079300 ms)

========================================================================
Received Prepare
Registering precompiled user dll's ...
Registered in 0.016675 seconds.
Begin MonoManager ReloadAssembly
Native extension for WindowsStandalone target not found
Native extension for WebGL target not found
Refreshing native plugins compatible for Editor in 1.52 ms, found 2 plugins.
Preloading 0 native plugins for Editor in 0.00 ms.
Invoked RoslynAnalysisRunner static constructor.
RoslynAnalysisRunner will not be running.
RoslynAnalysisRunner has terminated.
Mono: successfully reloaded assembly
- Completed reload, in  3.191 seconds
Platform modules already initialized, skipping
Refreshing native plugins compatible for Editor in 1.48 ms, found 2 plugins.
Preloading 0 native plugins for Editor in 0.00 ms.
Unloading 2111 Unused Serialized files (Serialized files now loaded: 0)
System memory in use before: 88.8 MB.
System memory in use after: 88.9 MB.

Unloading 50 unused Assets to reduce memory usage. Loaded Objects now: 2563.
Total: 12.733400 ms (FindLiveObjects: 0.553600 ms CreateObjectMapping: 0.216500 ms MarkObjects: 11.815000 ms  DeleteObjects: 0.143900 ms)

========================================================================
Received Prepare
Registering precompiled user dll's ...
Registered in 0.009466 seconds.
Begin MonoManager ReloadAssembly
Native extension for WindowsStandalone target not found
Native extension for WebGL target not found
Refreshing native plugins compatible for Editor in 1.52 ms, found 2 plugins.
Preloading 0 native plugins for Editor in 0.00 ms.
Invoked RoslynAnalysisRunner static constructor.
RoslynAnalysisRunner will not be running.
RoslynAnalysisRunner has terminated.
Mono: successfully reloaded assembly
- Completed reload, in  3.582 seconds
Platform modules already initialized, skipping
Refreshing native plugins compatible for Editor in 2.27 ms, found 2 plugins.
Preloading 0 native plugins for Editor in 0.00 ms.
Unloading 2111 Unused Serialized files (Serialized files now loaded: 0)
System memory in use before: 88.8 MB.
System memory in use after: 88.9 MB.

Unloading 50 unused Assets to reduce memory usage. Loaded Objects now: 2565.
Total: 19.819700 ms (FindLiveObjects: 0.546400 ms CreateObjectMapping: 0.470800 ms MarkObjects: 18.721900 ms  DeleteObjects: 0.075200 ms)

========================================================================
Received Import Request.
  Time since last request: 90.187405 seconds.
  path: Assets/Scenes/GameScene.unity
  artifactKey: Guid(d56a101f2974dd9459b1ee3f4cfacbc9) Importer(815301076,1909f56bfc062723c751e8b465ee728b)
Start importing Assets/Scenes/GameScene.unity using Guid(d56a101f2974dd9459b1ee3f4cfacbc9) Importer(815301076,1909f56bfc062723c751e8b465ee728b)  -> (artifact id: '776db0fc18f5e8aef2c5dc7787e0e946') in 0.042166 seconds
  Import took 0.080665 seconds .

========================================================================
Received Prepare
Registering precompiled user dll's ...
Registered in 0.010594 seconds.
Begin MonoManager ReloadAssembly
Native extension for WindowsStandalone target not found
Native extension for WebGL target not found
Refreshing native plugins compatible for Editor in 1.76 ms, found 2 plugins.
Preloading 0 native plugins for Editor in 0.00 ms.
Invoked RoslynAnalysisRunner static constructor.
RoslynAnalysisRunner will not be running.
RoslynAnalysisRunner has terminated.
Mono: successfully reloaded assembly
- Completed reload, in  3.543 seconds
Platform modules already initialized, skipping
Refreshing native plugins compatible for Editor in 1.77 ms, found 2 plugins.
Preloading 0 native plugins for Editor in 0.00 ms.
Unloading 2111 Unused Serialized files (Serialized files now loaded: 0)
System memory in use before: 88.8 MB.
System memory in use after: 88.9 MB.

Unloading 50 unused Assets to reduce memory usage. Loaded Objects now: 2567.
Total: 13.364100 ms (FindLiveObjects: 0.508600 ms CreateObjectMapping: 0.170000 ms MarkObjects: 12.568900 ms  DeleteObjects: 0.113000 ms)

========================================================================
Received Prepare
Refreshing native plugins compatible for Editor in 40.25 ms, found 2 plugins.
Preloading 0 native plugins for Editor in 0.00 ms.
Unloading 47 Unused Serialized files (Serialized files now loaded: 0)
System memory in use before: 48.0 MB.
System memory in use after: 48.1 MB.

Unloading 47 unused Assets to reduce memory usage. Loaded Objects now: 2567.
Total: 15.273600 ms (FindLiveObjects: 0.548900 ms CreateObjectMapping: 0.179400 ms MarkObjects: 14.465500 ms  DeleteObjects: 0.076100 ms)

